<?xml version="1.0" encoding="UTF-8"?>
<!-- Generated by org.testng.reporters.JUnitXMLReporter -->
<testsuite hostname="DESKTOP-QTN1F52" name="seleniumDemo" tests="3" failures="0" timestamp="30 Jul 2020 14:43:45 GMT" time="19.025" errors="0">
  <testcase name="LaunchBrowser" time="6.118" classname="com.devops.seleniumDemo.NewTest"/>
  <testcase name="Urlhit" time="8.547" classname="com.devops.seleniumDemo.NewTest"/>
  <testcase name="CloseBrowser" time="4.346" classname="com.devops.seleniumDemo.NewTest"/>
</testsuite> <!-- seleniumDemo -->
